<?xml version="1.0" encoding="UTF-8"?>
<testsuite xmlns:xsi="http://www.w3.org/2001/XMLSchema-instance" xsi:noNamespaceSchemaLocation="https://maven.apache.org/surefire/maven-surefire-plugin/xsd/surefire-test-report.xsd" name="uk.ac.ed.inf.OrderValidatorTest" time="6.065" tests="5" errors="0" skipped="0" failures="0">
  <properties>
[...]
</properties>
  <testcase name="testStrToInt" classname="uk.ac.ed.inf.OrderValidatorTest" time="2.068"/>
  <testcase name="testGetNonValidatedOrders" classname="uk.ac.ed.inf.OrderValidatorTest" time="0.992"/>
  <testcase name="testIsValidCardNumber" classname="uk.ac.ed.inf.OrderValidatorTest" time="1.043"/>
  <testcase name="testGetStatus" classname="uk.ac.ed.inf.OrderValidatorTest" time="1"/>
  <testcase name="testGetValidatedOrders" classname="uk.ac.ed.inf.OrderValidatorTest" time="0.961"/>
</testsuite>