<?xml version="1.0" encoding="UTF-8"?>
<testsuite xmlns:xsi="http://www.w3.org/2001/XMLSchema-instance" xsi:noNamespaceSchemaLocation="https://maven.apache.org/surefire/maven-surefire-plugin/xsd/surefire-test-report.xsd" name="uk.ac.ed.inf.LngLatTest" time="0.001" tests="6" errors="0" skipped="0" failures="0">
  <properties>
[...]
</properties>
  <testcase name="testLat" classname="uk.ac.ed.inf.LngLatTest" time="0.001"/>
  <testcase name="testLng" classname="uk.ac.ed.inf.LngLatTest" time="0"/>
  <testcase name="testInCentralArea" classname="uk.ac.ed.inf.LngLatTest" time="0"/>
  <testcase name="testCloseTo" classname="uk.ac.ed.inf.LngLatTest" time="0"/>
  <testcase name="testNextPosition" classname="uk.ac.ed.inf.LngLatTest" time="0"/>
  <testcase name="testDistanceTo" classname="uk.ac.ed.inf.LngLatTest" time="0"/>
</testsuite>